{"/home/charlike/dev/koa-better-ratelimit/test.js":{"path":"/home/charlike/dev/koa-better-ratelimit/test.js","s":{"1":1,"2":1,"3":1,"4":1,"5":1,"6":7,"7":7,"8":7,"9":1,"10":1,"11":1,"12":1,"13":1,"14":1,"15":1,"16":1,"17":1,"18":1,"19":1,"20":1,"21":1,"22":1,"23":1,"24":1,"25":1,"26":1,"27":1,"28":1,"29":1,"30":1,"31":1,"32":1,"33":1,"34":1,"35":1,"36":1,"37":1,"38":1,"39":1,"40":1,"41":1,"42":1,"43":1,"44":1,"45":1},"b":{},"f":{"1":7,"2":1,"3":1,"4":1,"5":1,"6":1,"7":1,"8":1,"9":1,"10":1,"11":1,"12":1,"13":1,"14":1,"15":1},"fnMap":{"1":{"name":"hello","line":15,"loc":{"start":{"line":15,"column":0},"end":{"line":15,"column":22}}},"2":{"name":"(anonymous_2)","line":62,"loc":{"start":{"line":62,"column":26},"end":{"line":62,"column":38}}},"3":{"name":"(anonymous_3)","line":63,"loc":{"start":{"line":63,"column":52},"end":{"line":63,"column":68}}},"4":{"name":"(anonymous_4)","line":72,"loc":{"start":{"line":72,"column":52},"end":{"line":72,"column":68}}},"5":{"name":"(anonymous_5)","line":81,"loc":{"start":{"line":81,"column":52},"end":{"line":81,"column":68}}},"6":{"name":"(anonymous_6)","line":90,"loc":{"start":{"line":90,"column":55},"end":{"line":90,"column":71}}},"7":{"name":"(anonymous_7)","line":99,"loc":{"start":{"line":99,"column":52},"end":{"line":99,"column":68}}},"8":{"name":"(anonymous_8)","line":108,"loc":{"start":{"line":108,"column":52},"end":{"line":108,"column":68}}},"9":{"name":"(anonymous_9)","line":117,"loc":{"start":{"line":117,"column":55},"end":{"line":117,"column":71}}},"10":{"name":"(anonymous_10)","line":126,"loc":{"start":{"line":126,"column":52},"end":{"line":126,"column":68}}},"11":{"name":"(anonymous_11)","line":135,"loc":{"start":{"line":135,"column":52},"end":{"line":135,"column":68}}},"12":{"name":"(anonymous_12)","line":146,"loc":{"start":{"line":146,"column":25},"end":{"line":146,"column":37}}},"13":{"name":"(anonymous_13)","line":147,"loc":{"start":{"line":147,"column":41},"end":{"line":147,"column":57}}},"14":{"name":"(anonymous_14)","line":156,"loc":{"start":{"line":156,"column":25},"end":{"line":156,"column":37}}},"15":{"name":"(anonymous_15)","line":157,"loc":{"start":{"line":157,"column":46},"end":{"line":157,"column":62}}}},"statementMap":{"1":{"start":{"line":9,"column":0},"end":{"line":9,"column":25}},"2":{"start":{"line":10,"column":0},"end":{"line":10,"column":31}},"3":{"start":{"line":11,"column":0},"end":{"line":11,"column":35}},"4":{"start":{"line":12,"column":0},"end":{"line":12,"column":27}},"5":{"start":{"line":15,"column":0},"end":{"line":19,"column":1}},"6":{"start":{"line":16,"column":2},"end":{"line":16,"column":39}},"7":{"start":{"line":17,"column":2},"end":{"line":17,"column":35}},"8":{"start":{"line":18,"column":2},"end":{"line":18,"column":14}},"9":{"start":{"line":25,"column":0},"end":{"line":25,"column":26}},"10":{"start":{"line":26,"column":0},"end":{"line":30,"column":4}},"11":{"start":{"line":31,"column":0},"end":{"line":31,"column":25}},"12":{"start":{"line":32,"column":0},"end":{"line":32,"column":60}},"13":{"start":{"line":39,"column":0},"end":{"line":39,"column":21}},"14":{"start":{"line":40,"column":0},"end":{"line":44,"column":4}},"15":{"start":{"line":45,"column":0},"end":{"line":45,"column":20}},"16":{"start":{"line":46,"column":0},"end":{"line":46,"column":50}},"17":{"start":{"line":53,"column":0},"end":{"line":53,"column":21}},"18":{"start":{"line":54,"column":0},"end":{"line":58,"column":4}},"19":{"start":{"line":59,"column":0},"end":{"line":59,"column":20}},"20":{"start":{"line":60,"column":0},"end":{"line":60,"column":50}},"21":{"start":{"line":62,"column":0},"end":{"line":144,"column":3}},"22":{"start":{"line":63,"column":2},"end":{"line":71,"column":5}},"23":{"start":{"line":64,"column":4},"end":{"line":70,"column":15}},"24":{"start":{"line":72,"column":2},"end":{"line":80,"column":5}},"25":{"start":{"line":73,"column":4},"end":{"line":79,"column":15}},"26":{"start":{"line":81,"column":2},"end":{"line":89,"column":5}},"27":{"start":{"line":82,"column":4},"end":{"line":88,"column":15}},"28":{"start":{"line":90,"column":2},"end":{"line":98,"column":5}},"29":{"start":{"line":91,"column":4},"end":{"line":97,"column":15}},"30":{"start":{"line":99,"column":2},"end":{"line":107,"column":5}},"31":{"start":{"line":100,"column":4},"end":{"line":106,"column":15}},"32":{"start":{"line":108,"column":2},"end":{"line":116,"column":5}},"33":{"start":{"line":109,"column":4},"end":{"line":115,"column":15}},"34":{"start":{"line":117,"column":2},"end":{"line":125,"column":5}},"35":{"start":{"line":118,"column":4},"end":{"line":124,"column":15}},"36":{"start":{"line":126,"column":2},"end":{"line":134,"column":5}},"37":{"start":{"line":127,"column":4},"end":{"line":133,"column":15}},"38":{"start":{"line":135,"column":2},"end":{"line":143,"column":5}},"39":{"start":{"line":136,"column":4},"end":{"line":142,"column":15}},"40":{"start":{"line":146,"column":0},"end":{"line":154,"column":3}},"41":{"start":{"line":147,"column":2},"end":{"line":153,"column":5}},"42":{"start":{"line":148,"column":4},"end":{"line":152,"column":15}},"43":{"start":{"line":156,"column":0},"end":{"line":164,"column":3}},"44":{"start":{"line":157,"column":2},"end":{"line":163,"column":5}},"45":{"start":{"line":158,"column":4},"end":{"line":162,"column":15}}},"branchMap":{}},"/home/charlike/dev/koa-better-ratelimit/index.js":{"path":"/home/charlike/dev/koa-better-ratelimit/index.js","s":{"1":1,"2":1,"3":1,"4":1,"5":3,"6":3,"7":3,"8":3,"9":3,"10":3,"11":11,"12":11,"13":0,"14":11,"15":11,"16":11,"17":1,"18":1,"19":1,"20":10,"21":1,"22":9,"23":9,"24":2,"25":7,"26":9,"27":6,"28":6,"29":6,"30":6,"31":3,"32":3,"33":3,"34":3,"35":3,"36":1,"37":9},"b":{"1":[3,0],"2":[11,0],"3":[0,11],"4":[1,10],"5":[1,9],"6":[2,7],"7":[9,8],"8":[6,3],"9":[9,6],"10":[9,9],"11":[9,9]},"f":{"1":3,"2":11,"3":9},"fnMap":{"1":{"name":"betterlimit","line":35,"loc":{"start":{"line":35,"column":17},"end":{"line":35,"column":47}}},"2":{"name":"ratelimit","line":46,"loc":{"start":{"line":46,"column":9},"end":{"line":46,"column":35}}},"3":{"name":"isEmpty","line":97,"loc":{"start":{"line":97,"column":0},"end":{"line":97,"column":23}}}},"statementMap":{"1":{"start":{"line":14,"column":0},"end":{"line":14,"column":37}},"2":{"start":{"line":15,"column":0},"end":{"line":15,"column":30}},"3":{"start":{"line":17,"column":0},"end":{"line":25,"column":2}},"4":{"start":{"line":35,"column":0},"end":{"line":95,"column":1}},"5":{"start":{"line":36,"column":2},"end":{"line":36,"column":26}},"6":{"start":{"line":38,"column":2},"end":{"line":38,"column":20}},"7":{"start":{"line":40,"column":2},"end":{"line":40,"column":29}},"8":{"start":{"line":42,"column":2},"end":{"line":42,"column":54}},"9":{"start":{"line":43,"column":2},"end":{"line":43,"column":54}},"10":{"start":{"line":46,"column":2},"end":{"line":94,"column":3}},"11":{"start":{"line":47,"column":4},"end":{"line":47,"column":79}},"12":{"start":{"line":49,"column":4},"end":{"line":52,"column":5}},"13":{"start":{"line":51,"column":6},"end":{"line":51,"column":25}},"14":{"start":{"line":54,"column":4},"end":{"line":54,"column":38}},"15":{"start":{"line":55,"column":4},"end":{"line":55,"column":53}},"16":{"start":{"line":57,"column":4},"end":{"line":62,"column":5}},"17":{"start":{"line":59,"column":6},"end":{"line":59,"column":24}},"18":{"start":{"line":60,"column":6},"end":{"line":60,"column":38}},"19":{"start":{"line":61,"column":6},"end":{"line":61,"column":13}},"20":{"start":{"line":64,"column":4},"end":{"line":67,"column":5}},"21":{"start":{"line":66,"column":6},"end":{"line":66,"column":25}},"22":{"start":{"line":69,"column":4},"end":{"line":69,"column":47}},"23":{"start":{"line":71,"column":4},"end":{"line":77,"column":5}},"24":{"start":{"line":72,"column":6},"end":{"line":72,"column":76}},"25":{"start":{"line":76,"column":6},"end":{"line":76,"column":20}},"26":{"start":{"line":79,"column":4},"end":{"line":93,"column":5}},"27":{"start":{"line":80,"column":6},"end":{"line":80,"column":32}},"28":{"start":{"line":81,"column":6},"end":{"line":81,"column":52}},"29":{"start":{"line":82,"column":6},"end":{"line":82,"column":48}},"30":{"start":{"line":85,"column":6},"end":{"line":85,"column":25}},"31":{"start":{"line":87,"column":6},"end":{"line":87,"column":24}},"32":{"start":{"line":88,"column":6},"end":{"line":88,"column":38}},"33":{"start":{"line":89,"column":6},"end":{"line":89,"column":46}},"34":{"start":{"line":90,"column":6},"end":{"line":90,"column":43}},"35":{"start":{"line":91,"column":6},"end":{"line":91,"column":48}},"36":{"start":{"line":97,"column":0},"end":{"line":99,"column":1}},"37":{"start":{"line":98,"column":2},"end":{"line":98,"column":82}}},"branchMap":{"1":{"line":36,"type":"binary-expr","locations":[{"start":{"line":36,"column":12},"end":{"line":36,"column":19}},{"start":{"line":36,"column":23},"end":{"line":36,"column":25}}]},"2":{"line":47,"type":"cond-expr","locations":[{"start":{"line":47,"column":38},"end":{"line":47,"column":68}},{"start":{"line":47,"column":71},"end":{"line":47,"column":78}}]},"3":{"line":49,"type":"if","locations":[{"start":{"line":49,"column":4},"end":{"line":49,"column":4}},{"start":{"line":49,"column":4},"end":{"line":49,"column":4}}]},"4":{"line":57,"type":"if","locations":[{"start":{"line":57,"column":4},"end":{"line":57,"column":4}},{"start":{"line":57,"column":4},"end":{"line":57,"column":4}}]},"5":{"line":64,"type":"if","locations":[{"start":{"line":64,"column":4},"end":{"line":64,"column":4}},{"start":{"line":64,"column":4},"end":{"line":64,"column":4}}]},"6":{"line":71,"type":"if","locations":[{"start":{"line":71,"column":4},"end":{"line":71,"column":4}},{"start":{"line":71,"column":4},"end":{"line":71,"column":4}}]},"7":{"line":71,"type":"binary-expr","locations":[{"start":{"line":71,"column":8},"end":{"line":71,"column":19}},{"start":{"line":71,"column":23},"end":{"line":71,"column":45}}]},"8":{"line":79,"type":"if","locations":[{"start":{"line":79,"column":4},"end":{"line":79,"column":4}},{"start":{"line":79,"column":4},"end":{"line":79,"column":4}}]},"9":{"line":79,"type":"binary-expr","locations":[{"start":{"line":79,"column":8},"end":{"line":79,"column":48}},{"start":{"line":79,"column":52},"end":{"line":79,"column":68}}]},"10":{"line":98,"type":"binary-expr","locations":[{"start":{"line":98,"column":9},"end":{"line":98,"column":51}},{"start":{"line":98,"column":55},"end":{"line":98,"column":81}}]},"11":{"line":98,"type":"binary-expr","locations":[{"start":{"line":98,"column":17},"end":{"line":98,"column":22}},{"start":{"line":98,"column":26},"end":{"line":98,"column":50}}]}}}}