TN:
SF:/home/charlike/dev/koa-better-ratelimit/test.js
FN:15,hello
FN:62,(anonymous_2)
FN:63,(anonymous_3)
FN:72,(anonymous_4)
FN:81,(anonymous_5)
FN:90,(anonymous_6)
FN:99,(anonymous_7)
FN:108,(anonymous_8)
FN:117,(anonymous_9)
FN:126,(anonymous_10)
FN:135,(anonymous_11)
FN:146,(anonymous_12)
FN:147,(anonymous_13)
FN:156,(anonymous_14)
FN:157,(anonymous_15)
FNF:15
FNH:15
FNDA:7,hello
FNDA:1,(anonymous_2)
FNDA:1,(anonymous_3)
FNDA:1,(anonymous_4)
FNDA:1,(anonymous_5)
FNDA:1,(anonymous_6)
FNDA:1,(anonymous_7)
FNDA:1,(anonymous_8)
FNDA:1,(anonymous_9)
FNDA:1,(anonymous_10)
FNDA:1,(anonymous_11)
FNDA:1,(anonymous_12)
FNDA:1,(anonymous_13)
FNDA:1,(anonymous_14)
FNDA:1,(anonymous_15)
DA:9,1
DA:10,1
DA:11,1
DA:12,1
DA:15,1
DA:16,7
DA:17,7
DA:18,7
DA:25,1
DA:26,1
DA:31,1
DA:32,1
DA:39,1
DA:40,1
DA:45,1
DA:46,1
DA:53,1
DA:54,1
DA:59,1
DA:60,1
DA:62,1
DA:63,1
DA:64,1
DA:72,1
DA:73,1
DA:81,1
DA:82,1
DA:90,1
DA:91,1
DA:99,1
DA:100,1
DA:108,1
DA:109,1
DA:117,1
DA:118,1
DA:126,1
DA:127,1
DA:135,1
DA:136,1
DA:146,1
DA:147,1
DA:148,1
DA:156,1
DA:157,1
DA:158,1
LF:45
LH:45
BRF:0
BRH:0
end_of_record
TN:
SF:/home/charlike/dev/koa-better-ratelimit/index.js
FN:35,betterlimit
FN:46,ratelimit
FN:97,isEmpty
FNF:3
FNH:3
FNDA:3,betterlimit
FNDA:11,ratelimit
FNDA:9,isEmpty
DA:14,1
DA:15,1
DA:17,1
DA:35,1
DA:36,3
DA:38,3
DA:40,3
DA:42,3
DA:43,3
DA:46,3
DA:47,11
DA:49,11
DA:51,0
DA:54,11
DA:55,11
DA:57,11
DA:59,1
DA:60,1
DA:61,1
DA:64,10
DA:66,1
DA:69,9
DA:71,9
DA:72,2
DA:76,7
DA:79,9
DA:80,6
DA:81,6
DA:82,6
DA:85,6
DA:87,3
DA:88,3
DA:89,3
DA:90,3
DA:91,3
DA:97,1
DA:98,9
LF:37
LH:36
BRDA:36,1,0,3
BRDA:36,1,1,0
BRDA:47,2,0,11
BRDA:47,2,1,0
BRDA:49,3,0,0
BRDA:49,3,1,11
BRDA:57,4,0,1
BRDA:57,4,1,10
BRDA:64,5,0,1
BRDA:64,5,1,9
BRDA:71,6,0,2
BRDA:71,6,1,7
BRDA:71,7,0,9
BRDA:71,7,1,8
BRDA:79,8,0,6
BRDA:79,8,1,3
BRDA:79,9,0,9
BRDA:79,9,1,6
BRDA:98,10,0,9
BRDA:98,10,1,9
BRDA:98,11,0,9
BRDA:98,11,1,9
BRF:22
BRH:19
end_of_record
